[2020-09-29 14:51:35,547] - logger.py] - INFO: 下一审批人expertsAdmin
[2020-09-29 14:51:48,464] - logger.py] - INFO: 下一审批人bj
[2020-09-29 14:51:54,212] - logger.py] - INFO: 下一审批人cxf
[2020-09-29 14:52:01,039] - logger.py] - INFO: 下一审批人cx
[2020-09-29 14:52:18,802] - logger.py] - INFO: 下一审批人bgs
[2020-09-29 14:52:29,761] - logger.py] - INFO: 下一审批人bgs
[2020-09-29 14:52:35,765] - logger.py] - WARNING: 待领导小组批复 字段未在源码中找到
[2020-09-29 14:52:40,165] - logger.py] - INFO: 下一审批人bgs
[2020-09-29 14:52:46,085] - logger.py] - WARNING: 待区长批复 字段未在源码中找到
[2020-09-29 14:52:51,543] - logger.py] - INFO: 新增项目指南审批通过并发布成功操作成功，项目指南名称为：新增项目指南审批通过并发布成功2020-09-29 14:51:00
[2020-09-29 15:11:04,425] - logger.py] - INFO: 下一审批人gwb
[2020-09-29 15:18:15,422] - logger.py] - INFO: 下一审批人gwb
[2020-09-29 15:23:01,027] - logger.py] - INFO: 下一审批人gwb
[2020-09-29 15:24:20,711] - logger.py] - INFO: 下一审批人gwb
[2020-09-29 15:29:19,530] - logger.py] - INFO: 下一审批人gwb
[2020-09-29 15:30:28,850] - logger.py] - INFO: 下一审批人gwb
[2020-09-29 15:31:37,786] - logger.py] - INFO: 下一审批人gwb
[2020-09-29 15:37:59,953] - logger.py] - INFO: 下一审批人gwb
[2020-09-29 15:39:35,173] - logger.py] - INFO: 下一审批人gwb
[2020-09-29 15:40:46,094] - logger.py] - INFO: 下一审批人gwb
[2020-09-29 15:49:10,642] - logger.py] - INFO: 下一审批人gwb
[2020-09-29 15:49:18,079] - logger.py] - INFO: 新增方案指南审批通过并发布成功操作成功，分配方案名称为：新增方案指南审批通过并发布成功2020-09-29 15:48:52
[2020-09-29 16:26:13,529] - logger.py] - INFO: 下一审批人gwb
[2020-09-29 16:28:02,842] - logger.py] - INFO: 下一审批人gwb
[2020-09-29 16:37:03,270] - logger.py] - INFO: 下一审批人gwb
[2020-09-29 16:37:15,570] - logger.py] - INFO: 下一审批人bgs
[2020-09-29 16:37:26,719] - logger.py] - INFO: 教委新增分配方案审批通过操作成功，分配方案名称为：教委新增分配方案审批通过2020-09-29 16:36:45
[2020-09-29 16:45:51,301] - logger.py] - INFO: 下一审批人王爽
[2020-09-29 16:46:55,872] - logger.py] - INFO: 下一审批人王爽
[2020-09-29 16:47:43,206] - logger.py] - INFO: 下一审批人gwb
[2020-09-29 16:47:55,408] - logger.py] - INFO: 下一审批人bgs
[2020-09-29 16:48:06,639] - logger.py] - INFO: 教委新增分配方案审批通过操作成功，分配方案名称为：教委新增分配方案审批通过2020-09-29 16:47:26
[2020-09-29 16:50:57,611] - logger.py] - INFO: 下一审批人gwb
[2020-09-29 16:51:09,890] - logger.py] - INFO: 下一审批人bgs
[2020-09-29 16:51:20,887] - logger.py] - INFO: 教委新增分配方案审批通过操作成功，分配方案名称为：教委新增分配方案审批通过2020-09-29 16:50:41
[2020-09-29 16:54:20,688] - logger.py] - INFO: 下一审批人gwb
[2020-09-29 16:54:32,928] - logger.py] - INFO: 下一审批人bgs
[2020-09-29 16:54:44,002] - logger.py] - INFO: 教委新增分配方案审批通过操作成功，分配方案名称为：教委新增分配方案审批通过2020-09-29 16:54:02
[2020-09-29 16:55:53,947] - logger.py] - INFO: 下一审批人gwb
[2020-09-29 16:56:05,906] - logger.py] - INFO: 下一审批人bgs
[2020-09-29 16:56:17,143] - logger.py] - INFO: 教委新增分配方案审批通过操作成功，分配方案名称为：教委新增分配方案审批通过2020-09-29 16:55:36
[2020-09-29 17:04:37,123] - logger.py] - INFO: 下一审批人gwb
[2020-09-29 17:04:48,976] - logger.py] - INFO: 下一审批人bgs
[2020-09-29 17:04:59,817] - logger.py] - INFO: 教委新增分配方案审批通过操作成功，分配方案名称为：教委新增分配方案审批通过2020-09-29 17:04:20
[2020-09-29 17:06:04,853] - logger.py] - INFO: 下一审批人gwb
[2020-09-29 17:06:16,780] - logger.py] - INFO: 下一审批人bgs
[2020-09-29 17:06:28,182] - logger.py] - INFO: 教委新增分配方案审批通过操作成功，分配方案名称为：教委新增分配方案审批通过2020-09-29 17:05:48
[2020-09-29 17:08:42,127] - logger.py] - INFO: 下一审批人gwb
[2020-09-29 17:08:53,950] - logger.py] - INFO: 下一审批人bgs
[2020-09-29 17:09:05,009] - logger.py] - INFO: 教委新增分配方案审批通过操作成功，分配方案名称为：教委新增分配方案审批通过2020-09-29 17:08:25
[2020-09-29 17:22:15,338] - logger.py] - INFO: 下一审批人gwb
[2020-09-29 17:22:26,952] - logger.py] - INFO: 下一审批人bgs
[2020-09-29 17:22:37,839] - logger.py] - INFO: 教委新增分配方案审批通过操作成功，分配方案名称为：教委新增分配方案审批通过2020-09-29 17:21:58
[2020-09-29 17:25:19,654] - logger.py] - INFO: 下一审批人gwb
[2020-09-29 17:25:31,560] - logger.py] - INFO: 下一审批人bgs
[2020-09-29 17:25:42,651] - logger.py] - INFO: 教委新增分配方案审批通过操作成功，分配方案名称为：教委新增分配方案审批通过2020-09-29 17:25:02
[2020-09-29 17:27:12,795] - logger.py] - INFO: 下一审批人gwb
[2020-09-29 17:27:24,861] - logger.py] - INFO: 下一审批人bgs
[2020-09-29 17:27:35,920] - logger.py] - INFO: 教委新增分配方案审批通过操作成功，分配方案名称为：教委新增分配方案审批通过2020-09-29 17:26:56
[2020-09-29 17:28:39,386] - logger.py] - INFO: 下一审批人gwb
[2020-09-29 17:28:51,606] - logger.py] - INFO: 下一审批人bgs
[2020-09-29 17:29:02,796] - logger.py] - INFO: 教委新增分配方案审批通过操作成功，分配方案名称为：教委新增分配方案审批通过2020-09-29 17:28:22
[2020-09-29 17:32:20,467] - logger.py] - INFO: 下一审批人gwb
[2020-09-29 17:32:32,596] - logger.py] - INFO: 下一审批人bgs
[2020-09-29 17:32:43,690] - logger.py] - INFO: 教委新增分配方案审批通过操作成功，分配方案名称为：教委新增分配方案审批通过2020-09-29 17:32:03
[2020-09-29 17:33:54,320] - logger.py] - INFO: 下一审批人gwb
[2020-09-29 17:34:06,287] - logger.py] - INFO: 下一审批人bgs
[2020-09-29 17:34:17,520] - logger.py] - INFO: 教委新增分配方案审批通过操作成功，分配方案名称为：教委新增分配方案审批通过2020-09-29 17:33:37
[2020-09-29 17:36:11,738] - logger.py] - INFO: 下一审批人gwb
[2020-09-29 17:36:23,999] - logger.py] - INFO: 下一审批人bgs
[2020-09-29 17:36:35,390] - logger.py] - INFO: 教委新增分配方案审批通过操作成功，分配方案名称为：教委新增分配方案审批通过2020-09-29 17:35:54
[2020-09-29 17:38:24,463] - logger.py] - INFO: 下一审批人gwb
[2020-09-29 17:38:36,562] - logger.py] - INFO: 下一审批人bgs
[2020-09-29 17:38:47,946] - logger.py] - INFO: 教委新增分配方案审批通过操作成功，分配方案名称为：教委新增分配方案审批通过2020-09-29 17:38:08
[2020-09-29 17:43:24,810] - logger.py] - INFO: 下一审批人gwb
[2020-09-29 17:43:36,777] - logger.py] - INFO: 下一审批人bgs
[2020-09-29 17:43:47,770] - logger.py] - INFO: 教委新增分配方案审批通过操作成功，分配方案名称为：教委新增分配方案审批通过2020-09-29 17:43:08
[2020-09-29 17:45:18,952] - logger.py] - INFO: 下一审批人gwb
[2020-09-29 17:45:31,002] - logger.py] - INFO: 下一审批人bgs
[2020-09-29 17:45:42,272] - logger.py] - INFO: 教委新增分配方案审批通过操作成功，分配方案名称为：教委新增分配方案审批通过2020-09-29 17:45:02
[2020-09-29 17:46:51,981] - logger.py] - INFO: 下一审批人gwb
[2020-09-29 17:47:03,872] - logger.py] - INFO: 下一审批人bgs
[2020-09-29 17:47:14,953] - logger.py] - INFO: 教委新增分配方案审批通过操作成功，分配方案名称为：教委新增分配方案审批通过2020-09-29 17:46:34
[2020-09-29 17:48:30,888] - logger.py] - INFO: 下一审批人gwb
[2020-09-29 17:48:42,762] - logger.py] - INFO: 下一审批人bgs
[2020-09-29 17:48:53,854] - logger.py] - INFO: 教委新增分配方案审批通过操作成功，分配方案名称为：教委新增分配方案审批通过2020-09-29 17:48:13
[2020-09-29 17:59:35,496] - logger.py] - INFO: 下一审批人gwb
[2020-09-29 17:59:47,339] - logger.py] - INFO: 下一审批人bgs
[2020-09-29 17:59:58,514] - logger.py] - INFO: 教委新增分配方案审批通过操作成功，分配方案名称为：教委新增分配方案审批通过2020-09-29 17:59:19
[2020-09-29 18:01:04,753] - logger.py] - INFO: 下一审批人gwb
[2020-09-29 18:01:16,720] - logger.py] - INFO: 下一审批人bgs
[2020-09-29 18:01:27,733] - logger.py] - INFO: 教委新增分配方案审批通过操作成功，分配方案名称为：教委新增分配方案审批通过2020-09-29 18:00:48
[2020-09-29 18:15:10,032] - logger.py] - INFO: 下一审批人gwb
[2020-09-29 18:15:22,332] - logger.py] - INFO: 下一审批人bgs
[2020-09-29 18:15:33,463] - logger.py] - INFO: 教委新增分配方案审批通过操作成功，分配方案名称为：教委新增分配方案审批通过2020-09-29 18:14:53
